<?xml version="1.0" encoding="UTF-8"?>
<!-- Generated by org.testng.reporters.JUnitReportReporter -->
<testsuite hostname="asmith" name="com.revolut.test.TestBank" tests="10" failures="0" timestamp="10 Mar 2016 23:01:15 GMT" time="0.081" errors="0">
  <testcase name="interation" time="0.023" classname="com.revolut.test.TestBank"/>
  <testcase name="interation" time="0.002" classname="com.revolut.test.TestBank"/>
  <testcase name="interation" time="0.011" classname="com.revolut.test.TestBank"/>
  <testcase name="interation" time="0.003" classname="com.revolut.test.TestBank"/>
  <testcase name="interation" time="0.001" classname="com.revolut.test.TestBank"/>
  <testcase name="interation" time="0.036" classname="com.revolut.test.TestBank"/>
  <testcase name="interation" time="0.002" classname="com.revolut.test.TestBank"/>
  <testcase name="interation" time="0.001" classname="com.revolut.test.TestBank"/>
  <testcase name="interation" time="0.001" classname="com.revolut.test.TestBank"/>
  <testcase name="interation" time="0.001" classname="com.revolut.test.TestBank"/>
</testsuite> <!-- com.revolut.test.TestBank -->
