<?xml version="1.0" encoding="UTF-8"?>
<!-- Generated by org.testng.reporters.JUnitReportReporter -->
<testsuite hostname="asmith" name="com.revolut.test.TestConcurrentTransfers" tests="10" failures="0" timestamp="10 Mar 2016 23:09:17 GMT" time="0.032" errors="0">
  <testcase name="interation" time="0.000" classname="com.revolut.test.TestConcurrentTransfers"/>
  <testcase name="interation" time="0.001" classname="com.revolut.test.TestConcurrentTransfers"/>
  <testcase name="interation" time="0.007" classname="com.revolut.test.TestConcurrentTransfers"/>
  <testcase name="interation" time="0.002" classname="com.revolut.test.TestConcurrentTransfers"/>
  <testcase name="interation" time="0.001" classname="com.revolut.test.TestConcurrentTransfers"/>
  <testcase name="interation" time="0.003" classname="com.revolut.test.TestConcurrentTransfers"/>
  <testcase name="interation" time="0.007" classname="com.revolut.test.TestConcurrentTransfers"/>
  <testcase name="interation" time="0.001" classname="com.revolut.test.TestConcurrentTransfers"/>
  <testcase name="interation" time="0.003" classname="com.revolut.test.TestConcurrentTransfers"/>
  <testcase name="interation" time="0.007" classname="com.revolut.test.TestConcurrentTransfers"/>
</testsuite> <!-- com.revolut.test.TestConcurrentTransfers -->
