<?xml version="1.0" encoding="UTF-8"?>
<!-- Generated by org.testng.reporters.JUnitReportReporter -->
<testsuite hostname="asmith" name="com.revolut.test.TestBankClass" tests="11" failures="0" timestamp="11 Mar 2016 00:02:57 GMT" time="0.049" errors="0">
  <testcase name="interation" time="0.003" classname="com.revolut.test.TestBankClass"/>
  <testcase name="interation" time="0.009" classname="com.revolut.test.TestBankClass"/>
  <testcase name="interation" time="0.001" classname="com.revolut.test.TestBankClass"/>
  <testcase name="interation" time="0.016" classname="com.revolut.test.TestBankClass"/>
  <testcase name="interation" time="0.003" classname="com.revolut.test.TestBankClass"/>
  <testcase name="interation" time="0.001" classname="com.revolut.test.TestBankClass"/>
  <testcase name="interation" time="0.002" classname="com.revolut.test.TestBankClass"/>
  <testcase name="interation" time="0.001" classname="com.revolut.test.TestBankClass"/>
  <testcase name="checkException" time="0.008" classname="com.revolut.test.TestBankClass"/>
  <testcase name="interation" time="0.003" classname="com.revolut.test.TestBankClass"/>
  <testcase name="interation" time="0.002" classname="com.revolut.test.TestBankClass"/>
</testsuite> <!-- com.revolut.test.TestBankClass -->
