<?xml version="1.0" encoding="UTF-8"?>
<!-- Generated by org.testng.reporters.JUnitReportReporter -->
<testsuite hostname="asmith" name="com.revolut.unit.TestBankClass" tests="11" failures="0" timestamp="11 Mar 2016 10:12:42 GMT" time="0.038" errors="0">
  <testcase name="interation" time="0.011" classname="com.revolut.unit.TestBankClass"/>
  <testcase name="interation" time="0.002" classname="com.revolut.unit.TestBankClass"/>
  <testcase name="interation" time="0.001" classname="com.revolut.unit.TestBankClass"/>
  <testcase name="interation" time="0.001" classname="com.revolut.unit.TestBankClass"/>
  <testcase name="interation" time="0.001" classname="com.revolut.unit.TestBankClass"/>
  <testcase name="interation" time="0.004" classname="com.revolut.unit.TestBankClass"/>
  <testcase name="interation" time="0.009" classname="com.revolut.unit.TestBankClass"/>
  <testcase name="interation" time="0.001" classname="com.revolut.unit.TestBankClass"/>
  <testcase name="interation" time="0.001" classname="com.revolut.unit.TestBankClass"/>
  <testcase name="checkException" time="0.006" classname="com.revolut.unit.TestBankClass"/>
  <testcase name="interation" time="0.001" classname="com.revolut.unit.TestBankClass"/>
</testsuite> <!-- com.revolut.unit.TestBankClass -->
