<?xml version="1.0" encoding="UTF-8"?>
<!-- Generated by org.testng.reporters.JUnitReportReporter -->
<testsuite hostname="asmith" name="com.revolut.test.TestConcurrentTransfer" tests="10" failures="0" timestamp="10 Mar 2016 23:04:07 GMT" time="0.068" errors="0">
  <testcase name="interation" time="0.008" classname="com.revolut.test.TestConcurrentTransfer"/>
  <testcase name="interation" time="0.013" classname="com.revolut.test.TestConcurrentTransfer"/>
  <testcase name="interation" time="0.000" classname="com.revolut.test.TestConcurrentTransfer"/>
  <testcase name="interation" time="0.001" classname="com.revolut.test.TestConcurrentTransfer"/>
  <testcase name="interation" time="0.003" classname="com.revolut.test.TestConcurrentTransfer"/>
  <testcase name="interation" time="0.016" classname="com.revolut.test.TestConcurrentTransfer"/>
  <testcase name="interation" time="0.008" classname="com.revolut.test.TestConcurrentTransfer"/>
  <testcase name="interation" time="0.005" classname="com.revolut.test.TestConcurrentTransfer"/>
  <testcase name="interation" time="0.008" classname="com.revolut.test.TestConcurrentTransfer"/>
  <testcase name="interation" time="0.006" classname="com.revolut.test.TestConcurrentTransfer"/>
</testsuite> <!-- com.revolut.test.TestConcurrentTransfer -->
